g:\workspace\c++\xss_compiler\xss_compiler\release\vc140.pdb
g:\workspace\c++\xss_compiler\xss_compiler\release\xsc.obj
g:\workspace\c++\xss_compiler\xss_compiler\release\symbol_table.obj
g:\workspace\c++\xss_compiler\xss_compiler\release\stack.obj
g:\workspace\c++\xss_compiler\xss_compiler\release\preprocessor.obj
g:\workspace\c++\xss_compiler\xss_compiler\release\parser.obj
g:\workspace\c++\xss_compiler\xss_compiler\release\linked_list.obj
g:\workspace\c++\xss_compiler\xss_compiler\release\lexer.obj
g:\workspace\c++\xss_compiler\xss_compiler\release\i_code.obj
g:\workspace\c++\xss_compiler\xss_compiler\release\func_table.obj
g:\workspace\c++\xss_compiler\xss_compiler\release\error.obj
g:\workspace\c++\xss_compiler\xss_compiler\release\code_emit.obj
g:\workspace\c++\xss_compiler\build\xss_compiler.exe
g:\workspace\c++\xss_compiler\build\xss_compiler.pdb
g:\workspace\c++\xss_compiler\xss_compiler\..\build\xss_compiler.exe
g:\workspace\c++\xss_compiler\xss_compiler\release\xss_compiler.tlog\cl.command.1.tlog
g:\workspace\c++\xss_compiler\xss_compiler\release\xss_compiler.tlog\cl.read.1.tlog
g:\workspace\c++\xss_compiler\xss_compiler\release\xss_compiler.tlog\cl.write.1.tlog
g:\workspace\c++\xss_compiler\xss_compiler\release\xss_compiler.tlog\link.command.1.tlog
g:\workspace\c++\xss_compiler\xss_compiler\release\xss_compiler.tlog\link.read.1.tlog
g:\workspace\c++\xss_compiler\xss_compiler\release\xss_compiler.tlog\link.write.1.tlog
