g:\workspace\c++\xss_compiler\xss_compiler\debug\vc140.pdb
g:\workspace\c++\xss_compiler\xss_compiler\debug\vc140.idb
g:\workspace\c++\xss_compiler\xss_compiler\debug\i_code.obj
g:\workspace\c++\xss_compiler\xss_compiler\debug\preprocessor.obj
g:\workspace\c++\xss_compiler\xss_compiler\debug\stack.obj
g:\workspace\c++\xss_compiler\xss_compiler\debug\code_emit.obj
g:\workspace\c++\xss_compiler\xss_compiler\debug\error.obj
g:\workspace\c++\xss_compiler\xss_compiler\debug\func_table.obj
g:\workspace\c++\xss_compiler\xss_compiler\debug\lexer.obj
g:\workspace\c++\xss_compiler\xss_compiler\debug\linked_list.obj
g:\workspace\c++\xss_compiler\xss_compiler\debug\parser.obj
g:\workspace\c++\xss_compiler\xss_compiler\debug\xsc.obj
g:\workspace\c++\xss_compiler\xss_compiler\debug\symbol_table.obj
g:\workspace\c++\xss_compiler\debug\xss_compiler.ilk
g:\workspace\c++\xss_compiler\debug\xss_compiler.exe
g:\workspace\c++\xss_compiler\debug\xss_compiler.pdb
g:\workspace\c++\xss_compiler\xss_compiler\debug\xss_compiler.tlog\cl.command.1.tlog
g:\workspace\c++\xss_compiler\xss_compiler\debug\xss_compiler.tlog\cl.read.1.tlog
g:\workspace\c++\xss_compiler\xss_compiler\debug\xss_compiler.tlog\cl.write.1.tlog
g:\workspace\c++\xss_compiler\xss_compiler\debug\xss_compiler.tlog\link.command.1.tlog
g:\workspace\c++\xss_compiler\xss_compiler\debug\xss_compiler.tlog\link.read.1.tlog
g:\workspace\c++\xss_compiler\xss_compiler\debug\xss_compiler.tlog\link.write.1.tlog
